mode: set
challenge/service/deviceService.go:20.102,23.28 3 1
challenge/service/deviceService.go:27.2,28.16 2 1
challenge/service/deviceService.go:31.2,31.15 1 1
challenge/service/deviceService.go:23.28,26.3 2 1
challenge/service/deviceService.go:28.16,30.3 1 1
challenge/service/deviceService.go:33.87,35.16 2 1
challenge/service/deviceService.go:38.2,38.15 1 1
challenge/service/deviceService.go:35.16,37.3 1 1
challenge/service/deviceService.go:40.78,42.2 1 1
challenge/controller/deviceController.go:17.82,20.64 2 1
challenge/controller/deviceController.go:25.2,26.21 2 1
challenge/controller/deviceController.go:30.2,30.54 1 1
challenge/controller/deviceController.go:20.64,24.3 3 1
challenge/controller/deviceController.go:26.21,29.3 2 1
challenge/controller/deviceController.go:32.79,36.21 4 1
challenge/controller/deviceController.go:40.2,40.49 1 1
challenge/controller/deviceController.go:36.21,39.3 2 1
challenge/repository/deviceRepository.go:23.94,30.16 4 1
challenge/repository/deviceRepository.go:34.2,34.20 1 1
challenge/repository/deviceRepository.go:30.16,33.3 2 1
challenge/repository/deviceRepository.go:37.84,47.16 3 1
challenge/repository/deviceRepository.go:51.2,51.24 1 1
challenge/repository/deviceRepository.go:54.2,56.16 3 1
challenge/repository/deviceRepository.go:60.2,60.20 1 1
challenge/repository/deviceRepository.go:47.16,50.3 2 1
challenge/repository/deviceRepository.go:51.24,53.3 1 1
challenge/repository/deviceRepository.go:56.16,59.3 2 0
challenge/repository/deviceRepository.go:62.83,64.2 1 1
